<?xml version="1.0" encoding="UTF-8"?>
<robot generator="Robot 4.1.3 (Python 3.7.5 on win32)" generated="20220204 22:00:50.618" rpa="false" schemaversion="2">
<suite id="s1" name="Robot Interactive Console" source="c:\Users\ville.pajala\.vscode\extensions\robocorp.robotframework-lsp-0.39.0\src\robotframework_ls\vendored\robotframework_interactive\robot_interactive_console.robot">
<test id="s1-t1" name="Default Task/Test">
<kw name="Interpreter Main Loop" library="MainLoop">
<kw name="Read table from CSV" library="RPA.Tables">
<doc>Read a CSV file as a table.</doc>
<msg timestamp="20220204 22:01:44.592" level="FAIL">Keyword 'RPA.Tables.Read table from CSV' expected 1 to 7 arguments, got 0.</msg>
<status status="FAIL" starttime="20220204 22:01:44.591" endtime="20220204 22:01:44.593"/>
</kw>
<status status="PASS" starttime="20220204 22:00:50.667" endtime="20220204 22:05:44.396"/>
</kw>
<status status="PASS" starttime="20220204 22:00:50.666" endtime="20220204 22:05:44.398"/>
</test>
<status status="PASS" starttime="20220204 22:00:50.627" endtime="20220204 22:05:44.399"/>
</suite>
<statistics>
<total>
<stat pass="1" fail="0" skip="0">All Tests</stat>
</total>
<tag>
</tag>
<suite>
<stat pass="1" fail="0" skip="0" id="s1" name="Robot Interactive Console">Robot Interactive Console</stat>
</suite>
</statistics>
<errors>
</errors>
</robot>
